{"/home/gusta/workspace/GitGoBarber/GoBarber-Web/src/components/ToastContainer/index.tsx": {"path":"/home/gusta/workspace/GitGoBarber/GoBarber-Web/src/components/ToastContainer/index.tsx","statementMap":{"0":{"start":{"line":11,"column":54},"end":{"line":29,"column":1}},"1":{"start":{"line":12,"column":34},"end":{"line":20,"column":3}},"2":{"start":{"line":14,"column":17},"end":{"line":14,"column":27}},"3":{"start":{"line":22,"column":2},"end":{"line":28,"column":4}},"4":{"start":{"line":25,"column":8},"end":{"line":25,"column":56}}},"fnMap":{"0":{"name":"(anonymous_0)","decl":{"start":{"line":11,"column":54},"end":{"line":11,"column":55}},"loc":{"start":{"line":11,"column":72},"end":{"line":29,"column":1}},"line":11},"1":{"name":"(anonymous_1)","decl":{"start":{"line":14,"column":4},"end":{"line":14,"column":5}},"loc":{"start":{"line":14,"column":17},"end":{"line":14,"column":27}},"line":14},"2":{"name":"(anonymous_2)","decl":{"start":{"line":24,"column":35},"end":{"line":24,"column":36}},"loc":{"start":{"line":25,"column":8},"end":{"line":25,"column":56}},"line":25}},"branchMap":{},"s":{"0":1,"1":0,"2":0,"3":0,"4":0},"f":{"0":0,"1":0,"2":0},"b":{},"_coverageSchema":"43e27e138ebf9cfc5966b082cf9a028302ed4184","hash":"30cad0e75e10a02fe7bf836cd1169b6c0833c307"}
,"/home/gusta/workspace/GitGoBarber/GoBarber-Web/src/components/ToastContainer/Toast/index.tsx": {"path":"/home/gusta/workspace/GitGoBarber/GoBarber-Web/src/components/ToastContainer/Toast/index.tsx","statementMap":{"0":{"start":{"line":16,"column":14},"end":{"line":20,"column":1}},"1":{"start":{"line":22,"column":35},"end":{"line":53,"column":1}},"2":{"start":{"line":23,"column":26},"end":{"line":23,"column":36}},"3":{"start":{"line":25,"column":2},"end":{"line":33,"column":32}},"4":{"start":{"line":26,"column":18},"end":{"line":28,"column":12}},"5":{"start":{"line":27,"column":6},"end":{"line":27,"column":30}},"6":{"start":{"line":30,"column":4},"end":{"line":32,"column":6}},"7":{"start":{"line":31,"column":6},"end":{"line":31,"column":26}},"8":{"start":{"line":35,"column":2},"end":{"line":52,"column":4}},"9":{"start":{"line":48,"column":29},"end":{"line":48,"column":52}}},"fnMap":{"0":{"name":"(anonymous_0)","decl":{"start":{"line":22,"column":35},"end":{"line":22,"column":36}},"loc":{"start":{"line":22,"column":59},"end":{"line":53,"column":1}},"line":22},"1":{"name":"(anonymous_1)","decl":{"start":{"line":25,"column":12},"end":{"line":25,"column":13}},"loc":{"start":{"line":25,"column":18},"end":{"line":33,"column":3}},"line":25},"2":{"name":"(anonymous_2)","decl":{"start":{"line":26,"column":29},"end":{"line":26,"column":30}},"loc":{"start":{"line":26,"column":35},"end":{"line":28,"column":5}},"line":26},"3":{"name":"(anonymous_3)","decl":{"start":{"line":30,"column":11},"end":{"line":30,"column":12}},"loc":{"start":{"line":30,"column":17},"end":{"line":32,"column":5}},"line":30},"4":{"name":"(anonymous_4)","decl":{"start":{"line":48,"column":23},"end":{"line":48,"column":24}},"loc":{"start":{"line":48,"column":29},"end":{"line":48,"column":52}},"line":48}},"branchMap":{"0":{"loc":{"start":{"line":41,"column":13},"end":{"line":41,"column":35}},"type":"binary-expr","locations":[{"start":{"line":41,"column":13},"end":{"line":41,"column":25}},{"start":{"line":41,"column":29},"end":{"line":41,"column":35}}],"line":41},"1":{"loc":{"start":{"line":45,"column":9},"end":{"line":45,"column":62}},"type":"binary-expr","locations":[{"start":{"line":45,"column":9},"end":{"line":45,"column":28}},{"start":{"line":45,"column":32},"end":{"line":45,"column":62}}],"line":45}},"s":{"0":1,"1":1,"2":0,"3":0,"4":0,"5":0,"6":0,"7":0,"8":0,"9":0},"f":{"0":0,"1":0,"2":0,"3":0,"4":0},"b":{"0":[0,0],"1":[0,0]},"_coverageSchema":"43e27e138ebf9cfc5966b082cf9a028302ed4184","hash":"97814adf1f0e2a5ed8f513f471383c6534e1e175"}
,"/home/gusta/workspace/GitGoBarber/GoBarber-Web/src/components/button/index.tsx": {"path":"/home/gusta/workspace/GitGoBarber/GoBarber-Web/src/components/button/index.tsx","statementMap":{"0":{"start":{"line":9,"column":38},"end":{"line":13,"column":1}},"1":{"start":{"line":10,"column":2},"end":{"line":12,"column":14}}},"fnMap":{"0":{"name":"(anonymous_0)","decl":{"start":{"line":9,"column":38},"end":{"line":9,"column":39}},"loc":{"start":{"line":10,"column":2},"end":{"line":12,"column":14}},"line":10}},"branchMap":{"0":{"loc":{"start":{"line":11,"column":5},"end":{"line":11,"column":42}},"type":"cond-expr","locations":[{"start":{"line":11,"column":15},"end":{"line":11,"column":31}},{"start":{"line":11,"column":34},"end":{"line":11,"column":42}}],"line":11}},"s":{"0":1,"1":0},"f":{"0":0},"b":{"0":[0,0]},"_coverageSchema":"43e27e138ebf9cfc5966b082cf9a028302ed4184","hash":"0a07bc79a86a5e99b0250801d836924c6612e795"}
,"/home/gusta/workspace/GitGoBarber/GoBarber-Web/src/components/input/index.tsx": {"path":"/home/gusta/workspace/GitGoBarber/GoBarber-Web/src/components/input/index.tsx","statementMap":{"0":{"start":{"line":19,"column":36},"end":{"line":70,"column":1}},"1":{"start":{"line":25,"column":19},"end":{"line":25,"column":49}},"2":{"start":{"line":26,"column":36},"end":{"line":26,"column":51}},"3":{"start":{"line":27,"column":34},"end":{"line":27,"column":49}},"4":{"start":{"line":28,"column":60},"end":{"line":28,"column":74}},"5":{"start":{"line":30,"column":27},"end":{"line":32,"column":8}},"6":{"start":{"line":31,"column":4},"end":{"line":31,"column":23}},"7":{"start":{"line":34,"column":26},"end":{"line":38,"column":8}},"8":{"start":{"line":35,"column":4},"end":{"line":35,"column":24}},"9":{"start":{"line":37,"column":4},"end":{"line":37,"column":43}},"10":{"start":{"line":40,"column":2},"end":{"line":46,"column":33}},"11":{"start":{"line":41,"column":4},"end":{"line":45,"column":7}},"12":{"start":{"line":48,"column":2},"end":{"line":69,"column":4}}},"fnMap":{"0":{"name":"(anonymous_0)","decl":{"start":{"line":19,"column":36},"end":{"line":19,"column":37}},"loc":{"start":{"line":24,"column":6},"end":{"line":70,"column":1}},"line":24},"1":{"name":"(anonymous_1)","decl":{"start":{"line":30,"column":39},"end":{"line":30,"column":40}},"loc":{"start":{"line":30,"column":45},"end":{"line":32,"column":3}},"line":30},"2":{"name":"(anonymous_2)","decl":{"start":{"line":34,"column":38},"end":{"line":34,"column":39}},"loc":{"start":{"line":34,"column":44},"end":{"line":38,"column":3}},"line":34},"3":{"name":"(anonymous_3)","decl":{"start":{"line":40,"column":12},"end":{"line":40,"column":13}},"loc":{"start":{"line":40,"column":18},"end":{"line":46,"column":3}},"line":40}},"branchMap":{"0":{"loc":{"start":{"line":21,"column":2},"end":{"line":21,"column":21}},"type":"default-arg","locations":[{"start":{"line":21,"column":19},"end":{"line":21,"column":21}}],"line":21},"1":{"loc":{"start":{"line":55,"column":7},"end":{"line":55,"column":33}},"type":"binary-expr","locations":[{"start":{"line":55,"column":7},"end":{"line":55,"column":11}},{"start":{"line":55,"column":15},"end":{"line":55,"column":33}}],"line":55},"2":{"loc":{"start":{"line":63,"column":7},"end":{"line":67,"column":7}},"type":"binary-expr","locations":[{"start":{"line":63,"column":7},"end":{"line":63,"column":12}},{"start":{"line":64,"column":8},"end":{"line":66,"column":16}}],"line":63}},"s":{"0":1,"1":0,"2":0,"3":0,"4":0,"5":0,"6":0,"7":0,"8":0,"9":0,"10":0,"11":0,"12":0},"f":{"0":0,"1":0,"2":0,"3":0},"b":{"0":[0],"1":[0,0],"2":[0,0]},"_coverageSchema":"43e27e138ebf9cfc5966b082cf9a028302ed4184","hash":"fd202180952f32837c7d5271622ee93b6a8dbf97"}
,"/home/gusta/workspace/GitGoBarber/GoBarber-Web/src/components/tooltip/index.tsx": {"path":"/home/gusta/workspace/GitGoBarber/GoBarber-Web/src/components/tooltip/index.tsx","statementMap":{"0":{"start":{"line":9,"column":41},"end":{"line":20,"column":1}},"1":{"start":{"line":14,"column":2},"end":{"line":19,"column":4}}},"fnMap":{"0":{"name":"(anonymous_0)","decl":{"start":{"line":9,"column":41},"end":{"line":9,"column":42}},"loc":{"start":{"line":13,"column":6},"end":{"line":20,"column":1}},"line":13}},"branchMap":{"0":{"loc":{"start":{"line":11,"column":2},"end":{"line":11,"column":16}},"type":"default-arg","locations":[{"start":{"line":11,"column":14},"end":{"line":11,"column":16}}],"line":11}},"s":{"0":1,"1":0},"f":{"0":0},"b":{"0":[0]},"_coverageSchema":"43e27e138ebf9cfc5966b082cf9a028302ed4184","hash":"34281c890f4b16668d0b5f541622fe22a9701a40"}
,"/home/gusta/workspace/GitGoBarber/GoBarber-Web/src/hooks/auth.tsx": {"path":"/home/gusta/workspace/GitGoBarber/GoBarber-Web/src/hooks/auth.tsx","statementMap":{"0":{"start":{"line":32,"column":27},"end":{"line":34,"column":1}},"1":{"start":{"line":36,"column":38},"end":{"line":89,"column":1}},"2":{"start":{"line":37,"column":26},"end":{"line":47,"column":4}},"3":{"start":{"line":38,"column":18},"end":{"line":38,"column":57}},"4":{"start":{"line":39,"column":17},"end":{"line":39,"column":55}},"5":{"start":{"line":41,"column":4},"end":{"line":44,"column":5}},"6":{"start":{"line":42,"column":6},"end":{"line":42,"column":61}},"7":{"start":{"line":43,"column":6},"end":{"line":43,"column":47}},"8":{"start":{"line":46,"column":4},"end":{"line":46,"column":27}},"9":{"start":{"line":49,"column":17},"end":{"line":62,"column":8}},"10":{"start":{"line":50,"column":21},"end":{"line":53,"column":6}},"11":{"start":{"line":54,"column":28},"end":{"line":54,"column":41}},"12":{"start":{"line":56,"column":4},"end":{"line":56,"column":51}},"13":{"start":{"line":57,"column":4},"end":{"line":57,"column":65}},"14":{"start":{"line":59,"column":4},"end":{"line":59,"column":59}},"15":{"start":{"line":61,"column":4},"end":{"line":61,"column":29}},"16":{"start":{"line":64,"column":18},"end":{"line":69,"column":8}},"17":{"start":{"line":65,"column":4},"end":{"line":65,"column":47}},"18":{"start":{"line":66,"column":4},"end":{"line":66,"column":46}},"19":{"start":{"line":68,"column":4},"end":{"line":68,"column":29}},"20":{"start":{"line":71,"column":21},"end":{"line":80,"column":3}},"21":{"start":{"line":73,"column":6},"end":{"line":73,"column":67}},"22":{"start":{"line":74,"column":6},"end":{"line":77,"column":9}},"23":{"start":{"line":82,"column":2},"end":{"line":88,"column":4}},"24":{"start":{"line":92,"column":18},"end":{"line":92,"column":41}},"25":{"start":{"line":94,"column":2},"end":{"line":96,"column":3}},"26":{"start":{"line":95,"column":4},"end":{"line":95,"column":67}},"27":{"start":{"line":98,"column":2},"end":{"line":98,"column":17}}},"fnMap":{"0":{"name":"(anonymous_0)","decl":{"start":{"line":36,"column":38},"end":{"line":36,"column":39}},"loc":{"start":{"line":36,"column":56},"end":{"line":89,"column":1}},"line":36},"1":{"name":"(anonymous_1)","decl":{"start":{"line":37,"column":46},"end":{"line":37,"column":47}},"loc":{"start":{"line":37,"column":52},"end":{"line":47,"column":3}},"line":37},"2":{"name":"(anonymous_2)","decl":{"start":{"line":49,"column":29},"end":{"line":49,"column":30}},"loc":{"start":{"line":49,"column":60},"end":{"line":62,"column":3}},"line":49},"3":{"name":"(anonymous_3)","decl":{"start":{"line":64,"column":30},"end":{"line":64,"column":31}},"loc":{"start":{"line":64,"column":36},"end":{"line":69,"column":3}},"line":64},"4":{"name":"(anonymous_4)","decl":{"start":{"line":72,"column":4},"end":{"line":72,"column":5}},"loc":{"start":{"line":72,"column":20},"end":{"line":78,"column":5}},"line":72},"5":{"name":"useAuth","decl":{"start":{"line":91,"column":16},"end":{"line":91,"column":23}},"loc":{"start":{"line":91,"column":43},"end":{"line":99,"column":1}},"line":91}},"branchMap":{"0":{"loc":{"start":{"line":41,"column":4},"end":{"line":44,"column":5}},"type":"if","locations":[{"start":{"line":41,"column":4},"end":{"line":44,"column":5}},{"start":{"line":41,"column":4},"end":{"line":44,"column":5}}],"line":41},"1":{"loc":{"start":{"line":41,"column":8},"end":{"line":41,"column":21}},"type":"binary-expr","locations":[{"start":{"line":41,"column":8},"end":{"line":41,"column":13}},{"start":{"line":41,"column":17},"end":{"line":41,"column":21}}],"line":41},"2":{"loc":{"start":{"line":94,"column":2},"end":{"line":96,"column":3}},"type":"if","locations":[{"start":{"line":94,"column":2},"end":{"line":96,"column":3}},{"start":{"line":94,"column":2},"end":{"line":96,"column":3}}],"line":94}},"s":{"0":0,"1":0,"2":0,"3":0,"4":0,"5":0,"6":0,"7":0,"8":0,"9":0,"10":0,"11":0,"12":0,"13":0,"14":0,"15":0,"16":0,"17":0,"18":0,"19":0,"20":0,"21":0,"22":0,"23":0,"24":0,"25":0,"26":0,"27":0},"f":{"0":0,"1":0,"2":0,"3":0,"4":0,"5":0},"b":{"0":[0,0],"1":[0,0],"2":[0,0]},"hash":"9484eb1ba2443971f00e091c0dc0b45f52dee63e"}
,"/home/gusta/workspace/GitGoBarber/GoBarber-Web/src/hooks/toast.tsx": {"path":"/home/gusta/workspace/GitGoBarber/GoBarber-Web/src/hooks/toast.tsx","statementMap":{"0":{"start":{"line":17,"column":21},"end":{"line":17,"column":76}},"1":{"start":{"line":19,"column":32},"end":{"line":48,"column":1}},"2":{"start":{"line":20,"column":33},"end":{"line":20,"column":61}},"3":{"start":{"line":22,"column":19},"end":{"line":36,"column":3}},"4":{"start":{"line":24,"column":17},"end":{"line":24,"column":23}},"5":{"start":{"line":26,"column":20},"end":{"line":31,"column":7}},"6":{"start":{"line":33,"column":6},"end":{"line":33,"column":47}},"7":{"start":{"line":33,"column":28},"end":{"line":33,"column":45}},"8":{"start":{"line":38,"column":22},"end":{"line":40,"column":8}},"9":{"start":{"line":39,"column":4},"end":{"line":39,"column":72}},"10":{"start":{"line":39,"column":26},"end":{"line":39,"column":70}},"11":{"start":{"line":39,"column":52},"end":{"line":39,"column":69}},"12":{"start":{"line":42,"column":2},"end":{"line":47,"column":4}},"13":{"start":{"line":51,"column":18},"end":{"line":51,"column":42}},"14":{"start":{"line":52,"column":2},"end":{"line":54,"column":3}},"15":{"start":{"line":53,"column":4},"end":{"line":53,"column":68}},"16":{"start":{"line":55,"column":2},"end":{"line":55,"column":17}}},"fnMap":{"0":{"name":"(anonymous_0)","decl":{"start":{"line":19,"column":32},"end":{"line":19,"column":33}},"loc":{"start":{"line":19,"column":50},"end":{"line":48,"column":1}},"line":19},"1":{"name":"(anonymous_1)","decl":{"start":{"line":23,"column":4},"end":{"line":23,"column":5}},"loc":{"start":{"line":23,"column":64},"end":{"line":34,"column":5}},"line":23},"2":{"name":"(anonymous_2)","decl":{"start":{"line":33,"column":17},"end":{"line":33,"column":18}},"loc":{"start":{"line":33,"column":28},"end":{"line":33,"column":45}},"line":33},"3":{"name":"(anonymous_3)","decl":{"start":{"line":38,"column":34},"end":{"line":38,"column":35}},"loc":{"start":{"line":38,"column":50},"end":{"line":40,"column":3}},"line":38},"4":{"name":"(anonymous_4)","decl":{"start":{"line":39,"column":15},"end":{"line":39,"column":16}},"loc":{"start":{"line":39,"column":26},"end":{"line":39,"column":70}},"line":39},"5":{"name":"(anonymous_5)","decl":{"start":{"line":39,"column":39},"end":{"line":39,"column":40}},"loc":{"start":{"line":39,"column":52},"end":{"line":39,"column":69}},"line":39},"6":{"name":"useToast","decl":{"start":{"line":50,"column":9},"end":{"line":50,"column":17}},"loc":{"start":{"line":50,"column":38},"end":{"line":56,"column":1}},"line":50}},"branchMap":{"0":{"loc":{"start":{"line":52,"column":2},"end":{"line":54,"column":3}},"type":"if","locations":[{"start":{"line":52,"column":2},"end":{"line":54,"column":3}},{"start":{"line":52,"column":2},"end":{"line":54,"column":3}}],"line":52}},"s":{"0":1,"1":1,"2":0,"3":0,"4":0,"5":0,"6":0,"7":0,"8":0,"9":0,"10":0,"11":0,"12":0,"13":2,"14":2,"15":0,"16":2},"f":{"0":0,"1":0,"2":0,"3":0,"4":0,"5":0,"6":2},"b":{"0":[0,2]},"_coverageSchema":"43e27e138ebf9cfc5966b082cf9a028302ed4184","hash":"fcdd823ba459e8f6e96f0cb33831c18a5468fc91"}
,"/home/gusta/workspace/GitGoBarber/GoBarber-Web/src/pages/Dashboard/index.tsx": {"path":"/home/gusta/workspace/GitGoBarber/GoBarber-Web/src/pages/Dashboard/index.tsx","statementMap":{"0":{"start":{"line":41,"column":28},"end":{"line":267,"column":1}},"1":{"start":{"line":42,"column":28},"end":{"line":42,"column":37}},"2":{"start":{"line":43,"column":42},"end":{"line":43,"column":62}},"3":{"start":{"line":44,"column":42},"end":{"line":44,"column":62}},"4":{"start":{"line":45,"column":42},"end":{"line":45,"column":69}},"5":{"start":{"line":47,"column":52},"end":{"line":49,"column":7}},"6":{"start":{"line":51,"column":27},"end":{"line":55,"column":8}},"7":{"start":{"line":52,"column":4},"end":{"line":54,"column":5}},"8":{"start":{"line":53,"column":6},"end":{"line":53,"column":27}},"9":{"start":{"line":57,"column":28},"end":{"line":59,"column":8}},"10":{"start":{"line":58,"column":4},"end":{"line":58,"column":27}},"11":{"start":{"line":61,"column":2},"end":{"line":72,"column":30}},"12":{"start":{"line":62,"column":4},"end":{"line":71,"column":9}},"13":{"start":{"line":70,"column":8},"end":{"line":70,"column":44}},"14":{"start":{"line":74,"column":22},"end":{"line":84,"column":39}},"15":{"start":{"line":75,"column":18},"end":{"line":81,"column":8}},"16":{"start":{"line":76,"column":28},"end":{"line":76,"column":56}},"17":{"start":{"line":78,"column":21},"end":{"line":78,"column":47}},"18":{"start":{"line":79,"column":22},"end":{"line":79,"column":45}},"19":{"start":{"line":80,"column":8},"end":{"line":80,"column":51}},"20":{"start":{"line":83,"column":4},"end":{"line":83,"column":17}},"21":{"start":{"line":86,"column":29},"end":{"line":90,"column":20}},"22":{"start":{"line":87,"column":4},"end":{"line":89,"column":7}},"23":{"start":{"line":92,"column":26},"end":{"line":96,"column":20}},"24":{"start":{"line":93,"column":4},"end":{"line":95,"column":7}},"25":{"start":{"line":98,"column":2},"end":{"line":117,"column":21}},"26":{"start":{"line":99,"column":4},"end":{"line":116,"column":9}},"27":{"start":{"line":108,"column":38},"end":{"line":113,"column":10}},"28":{"start":{"line":109,"column":10},"end":{"line":112,"column":12}},"29":{"start":{"line":115,"column":8},"end":{"line":115,"column":47}},"30":{"start":{"line":119,"column":30},"end":{"line":123,"column":20}},"31":{"start":{"line":120,"column":4},"end":{"line":122,"column":7}},"32":{"start":{"line":121,"column":6},"end":{"line":121,"column":56}},"33":{"start":{"line":125,"column":32},"end":{"line":129,"column":20}},"34":{"start":{"line":126,"column":4},"end":{"line":128,"column":7}},"35":{"start":{"line":127,"column":6},"end":{"line":127,"column":57}},"36":{"start":{"line":131,"column":26},"end":{"line":135,"column":20}},"37":{"start":{"line":132,"column":4},"end":{"line":134,"column":6}},"38":{"start":{"line":133,"column":6},"end":{"line":133,"column":53}},"39":{"start":{"line":137,"column":2},"end":{"line":266,"column":4}},"40":{"start":{"line":195,"column":14},"end":{"line":208,"column":28}},"41":{"start":{"line":220,"column":14},"end":{"line":233,"column":28}}},"fnMap":{"0":{"name":"(anonymous_0)","decl":{"start":{"line":41,"column":28},"end":{"line":41,"column":29}},"loc":{"start":{"line":41,"column":34},"end":{"line":267,"column":1}},"line":41},"1":{"name":"(anonymous_1)","decl":{"start":{"line":51,"column":39},"end":{"line":51,"column":40}},"loc":{"start":{"line":51,"column":79},"end":{"line":55,"column":3}},"line":51},"2":{"name":"(anonymous_2)","decl":{"start":{"line":57,"column":40},"end":{"line":57,"column":41}},"loc":{"start":{"line":57,"column":57},"end":{"line":59,"column":3}},"line":57},"3":{"name":"(anonymous_3)","decl":{"start":{"line":61,"column":12},"end":{"line":61,"column":13}},"loc":{"start":{"line":61,"column":18},"end":{"line":72,"column":3}},"line":61},"4":{"name":"(anonymous_4)","decl":{"start":{"line":69,"column":12},"end":{"line":69,"column":13}},"loc":{"start":{"line":69,"column":26},"end":{"line":71,"column":7}},"line":69},"5":{"name":"(anonymous_5)","decl":{"start":{"line":74,"column":30},"end":{"line":74,"column":31}},"loc":{"start":{"line":74,"column":36},"end":{"line":84,"column":3}},"line":74},"6":{"name":"(anonymous_6)","decl":{"start":{"line":76,"column":14},"end":{"line":76,"column":15}},"loc":{"start":{"line":76,"column":28},"end":{"line":76,"column":56}},"line":76},"7":{"name":"(anonymous_7)","decl":{"start":{"line":77,"column":11},"end":{"line":77,"column":12}},"loc":{"start":{"line":77,"column":25},"end":{"line":81,"column":7}},"line":77},"8":{"name":"(anonymous_8)","decl":{"start":{"line":86,"column":37},"end":{"line":86,"column":38}},"loc":{"start":{"line":86,"column":43},"end":{"line":90,"column":3}},"line":86},"9":{"name":"(anonymous_9)","decl":{"start":{"line":92,"column":34},"end":{"line":92,"column":35}},"loc":{"start":{"line":92,"column":40},"end":{"line":96,"column":3}},"line":92},"10":{"name":"(anonymous_10)","decl":{"start":{"line":98,"column":12},"end":{"line":98,"column":13}},"loc":{"start":{"line":98,"column":18},"end":{"line":117,"column":3}},"line":98},"11":{"name":"(anonymous_11)","decl":{"start":{"line":107,"column":12},"end":{"line":107,"column":13}},"loc":{"start":{"line":107,"column":26},"end":{"line":116,"column":7}},"line":107},"12":{"name":"(anonymous_12)","decl":{"start":{"line":108,"column":56},"end":{"line":108,"column":57}},"loc":{"start":{"line":108,"column":73},"end":{"line":113,"column":9}},"line":108},"13":{"name":"(anonymous_13)","decl":{"start":{"line":119,"column":38},"end":{"line":119,"column":39}},"loc":{"start":{"line":119,"column":44},"end":{"line":123,"column":3}},"line":119},"14":{"name":"(anonymous_14)","decl":{"start":{"line":120,"column":31},"end":{"line":120,"column":32}},"loc":{"start":{"line":120,"column":48},"end":{"line":122,"column":5}},"line":120},"15":{"name":"(anonymous_15)","decl":{"start":{"line":125,"column":40},"end":{"line":125,"column":41}},"loc":{"start":{"line":125,"column":46},"end":{"line":129,"column":3}},"line":125},"16":{"name":"(anonymous_16)","decl":{"start":{"line":126,"column":31},"end":{"line":126,"column":32}},"loc":{"start":{"line":126,"column":48},"end":{"line":128,"column":5}},"line":126},"17":{"name":"(anonymous_17)","decl":{"start":{"line":131,"column":34},"end":{"line":131,"column":35}},"loc":{"start":{"line":131,"column":40},"end":{"line":135,"column":3}},"line":131},"18":{"name":"(anonymous_18)","decl":{"start":{"line":132,"column":29},"end":{"line":132,"column":30}},"loc":{"start":{"line":133,"column":6},"end":{"line":133,"column":53}},"line":133},"19":{"name":"(anonymous_19)","decl":{"start":{"line":194,"column":37},"end":{"line":194,"column":38}},"loc":{"start":{"line":195,"column":14},"end":{"line":208,"column":28}},"line":195},"20":{"name":"(anonymous_20)","decl":{"start":{"line":219,"column":39},"end":{"line":219,"column":40}},"loc":{"start":{"line":220,"column":14},"end":{"line":233,"column":28}},"line":220}},"branchMap":{"0":{"loc":{"start":{"line":52,"column":4},"end":{"line":54,"column":5}},"type":"if","locations":[{"start":{"line":52,"column":4},"end":{"line":54,"column":5}},{"start":{"line":52,"column":4},"end":{"line":54,"column":5}}],"line":52},"1":{"loc":{"start":{"line":52,"column":8},"end":{"line":52,"column":50}},"type":"binary-expr","locations":[{"start":{"line":52,"column":8},"end":{"line":52,"column":27}},{"start":{"line":52,"column":31},"end":{"line":52,"column":50}}],"line":52},"2":{"loc":{"start":{"line":164,"column":13},"end":{"line":164,"column":55}},"type":"binary-expr","locations":[{"start":{"line":164,"column":13},"end":{"line":164,"column":34}},{"start":{"line":164,"column":38},"end":{"line":164,"column":55}}],"line":164},"3":{"loc":{"start":{"line":169,"column":11},"end":{"line":185,"column":11}},"type":"binary-expr","locations":[{"start":{"line":169,"column":11},"end":{"line":169,"column":32}},{"start":{"line":169,"column":36},"end":{"line":169,"column":51}},{"start":{"line":170,"column":12},"end":{"line":184,"column":30}}],"line":169},"4":{"loc":{"start":{"line":190,"column":13},"end":{"line":192,"column":13}},"type":"binary-expr","locations":[{"start":{"line":190,"column":13},"end":{"line":190,"column":45}},{"start":{"line":191,"column":14},"end":{"line":191,"column":54}}],"line":190},"5":{"loc":{"start":{"line":215,"column":13},"end":{"line":217,"column":13}},"type":"binary-expr","locations":[{"start":{"line":215,"column":13},"end":{"line":215,"column":47}},{"start":{"line":216,"column":14},"end":{"line":216,"column":54}}],"line":215}},"s":{"0":0,"1":0,"2":0,"3":0,"4":0,"5":0,"6":0,"7":0,"8":0,"9":0,"10":0,"11":0,"12":0,"13":0,"14":0,"15":0,"16":0,"17":0,"18":0,"19":0,"20":0,"21":0,"22":0,"23":0,"24":0,"25":0,"26":0,"27":0,"28":0,"29":0,"30":0,"31":0,"32":0,"33":0,"34":0,"35":0,"36":0,"37":0,"38":0,"39":0,"40":0,"41":0},"f":{"0":0,"1":0,"2":0,"3":0,"4":0,"5":0,"6":0,"7":0,"8":0,"9":0,"10":0,"11":0,"12":0,"13":0,"14":0,"15":0,"16":0,"17":0,"18":0,"19":0,"20":0},"b":{"0":[0,0],"1":[0,0],"2":[0,0],"3":[0,0,0],"4":[0,0],"5":[0,0]},"hash":"e38ef6f1f8653ff437f342350e67e6f1e05c9a3f"}
,"/home/gusta/workspace/GitGoBarber/GoBarber-Web/src/pages/ForgotPassword/index.tsx": {"path":"/home/gusta/workspace/GitGoBarber/GoBarber-Web/src/pages/ForgotPassword/index.tsx","statementMap":{"0":{"start":{"line":26,"column":33},"end":{"line":103,"column":1}},"1":{"start":{"line":27,"column":32},"end":{"line":27,"column":47}},"2":{"start":{"line":29,"column":18},"end":{"line":29,"column":43}},"3":{"start":{"line":31,"column":23},"end":{"line":31,"column":33}},"4":{"start":{"line":33,"column":23},"end":{"line":76,"column":3}},"5":{"start":{"line":35,"column":6},"end":{"line":73,"column":7}},"6":{"start":{"line":36,"column":8},"end":{"line":36,"column":25}},"7":{"start":{"line":37,"column":8},"end":{"line":37,"column":39}},"8":{"start":{"line":39,"column":23},"end":{"line":43,"column":10}},"9":{"start":{"line":45,"column":8},"end":{"line":45,"column":59}},"10":{"start":{"line":47,"column":8},"end":{"line":49,"column":11}},"11":{"start":{"line":51,"column":8},"end":{"line":56,"column":11}},"12":{"start":{"line":58,"column":8},"end":{"line":64,"column":9}},"13":{"start":{"line":59,"column":25},"end":{"line":59,"column":49}},"14":{"start":{"line":61,"column":10},"end":{"line":61,"column":45}},"15":{"start":{"line":63,"column":10},"end":{"line":63,"column":17}},"16":{"start":{"line":65,"column":8},"end":{"line":70,"column":11}},"17":{"start":{"line":72,"column":8},"end":{"line":72,"column":26}},"18":{"start":{"line":78,"column":2},"end":{"line":102,"column":4}}},"fnMap":{"0":{"name":"(anonymous_0)","decl":{"start":{"line":26,"column":33},"end":{"line":26,"column":34}},"loc":{"start":{"line":26,"column":39},"end":{"line":103,"column":1}},"line":26},"1":{"name":"(anonymous_1)","decl":{"start":{"line":34,"column":4},"end":{"line":34,"column":5}},"loc":{"start":{"line":34,"column":44},"end":{"line":74,"column":5}},"line":34}},"branchMap":{"0":{"loc":{"start":{"line":58,"column":8},"end":{"line":64,"column":9}},"type":"if","locations":[{"start":{"line":58,"column":8},"end":{"line":64,"column":9}},{"start":{"line":58,"column":8},"end":{"line":64,"column":9}}],"line":58}},"s":{"0":0,"1":0,"2":0,"3":0,"4":0,"5":0,"6":0,"7":0,"8":0,"9":0,"10":0,"11":0,"12":0,"13":0,"14":0,"15":0,"16":0,"17":0,"18":0},"f":{"0":0,"1":0},"b":{"0":[0,0]},"hash":"799e53aea07c611edcdc04abaf1ceb07ea7f68fb"}
,"/home/gusta/workspace/GitGoBarber/GoBarber-Web/src/pages/Profile/index.tsx": {"path":"/home/gusta/workspace/GitGoBarber/GoBarber-Web/src/pages/Profile/index.tsx","statementMap":{"0":{"start":{"line":31,"column":26},"end":{"line":191,"column":1}},"1":{"start":{"line":32,"column":18},"end":{"line":32,"column":43}},"2":{"start":{"line":33,"column":23},"end":{"line":33,"column":33}},"3":{"start":{"line":34,"column":18},"end":{"line":34,"column":30}},"4":{"start":{"line":36,"column":31},"end":{"line":36,"column":40}},"5":{"start":{"line":38,"column":29},"end":{"line":55,"column":3}},"6":{"start":{"line":40,"column":6},"end":{"line":52,"column":7}},"7":{"start":{"line":41,"column":21},"end":{"line":41,"column":35}},"8":{"start":{"line":43,"column":8},"end":{"line":43,"column":49}},"9":{"start":{"line":45,"column":8},"end":{"line":51,"column":11}},"10":{"start":{"line":46,"column":10},"end":{"line":46,"column":36}},"11":{"start":{"line":47,"column":10},"end":{"line":50,"column":13}},"12":{"start":{"line":57,"column":23},"end":{"line":132,"column":3}},"13":{"start":{"line":59,"column":6},"end":{"line":129,"column":7}},"14":{"start":{"line":60,"column":8},"end":{"line":60,"column":39}},"15":{"start":{"line":62,"column":23},"end":{"line":80,"column":10}},"16":{"start":{"line":69,"column":25},"end":{"line":69,"column":37}},"17":{"start":{"line":75,"column":27},"end":{"line":75,"column":39}},"18":{"start":{"line":88,"column":12},"end":{"line":88,"column":16}},"19":{"start":{"line":90,"column":25},"end":{"line":100,"column":9}},"20":{"start":{"line":102,"column":25},"end":{"line":102,"column":60}},"21":{"start":{"line":104,"column":8},"end":{"line":104,"column":34}},"22":{"start":{"line":106,"column":8},"end":{"line":106,"column":34}},"23":{"start":{"line":108,"column":8},"end":{"line":112,"column":11}},"24":{"start":{"line":114,"column":8},"end":{"line":114,"column":59}},"25":{"start":{"line":116,"column":8},"end":{"line":122,"column":9}},"26":{"start":{"line":117,"column":25},"end":{"line":117,"column":49}},"27":{"start":{"line":119,"column":10},"end":{"line":119,"column":45}},"28":{"start":{"line":121,"column":10},"end":{"line":121,"column":17}},"29":{"start":{"line":124,"column":8},"end":{"line":128,"column":11}},"30":{"start":{"line":134,"column":2},"end":{"line":190,"column":4}}},"fnMap":{"0":{"name":"(anonymous_0)","decl":{"start":{"line":31,"column":26},"end":{"line":31,"column":27}},"loc":{"start":{"line":31,"column":32},"end":{"line":191,"column":1}},"line":31},"1":{"name":"(anonymous_1)","decl":{"start":{"line":39,"column":4},"end":{"line":39,"column":5}},"loc":{"start":{"line":39,"column":42},"end":{"line":53,"column":5}},"line":39},"2":{"name":"(anonymous_2)","decl":{"start":{"line":45,"column":46},"end":{"line":45,"column":47}},"loc":{"start":{"line":45,"column":60},"end":{"line":51,"column":9}},"line":45},"3":{"name":"(anonymous_3)","decl":{"start":{"line":58,"column":4},"end":{"line":58,"column":5}},"loc":{"start":{"line":58,"column":37},"end":{"line":130,"column":5}},"line":58},"4":{"name":"(anonymous_4)","decl":{"start":{"line":69,"column":16},"end":{"line":69,"column":17}},"loc":{"start":{"line":69,"column":25},"end":{"line":69,"column":37}},"line":69},"5":{"name":"(anonymous_5)","decl":{"start":{"line":75,"column":18},"end":{"line":75,"column":19}},"loc":{"start":{"line":75,"column":27},"end":{"line":75,"column":39}},"line":75}},"branchMap":{"0":{"loc":{"start":{"line":40,"column":6},"end":{"line":52,"column":7}},"type":"if","locations":[{"start":{"line":40,"column":6},"end":{"line":52,"column":7}},{"start":{"line":40,"column":6},"end":{"line":52,"column":7}}],"line":40},"1":{"loc":{"start":{"line":93,"column":14},"end":{"line":99,"column":16}},"type":"cond-expr","locations":[{"start":{"line":94,"column":14},"end":{"line":98,"column":15}},{"start":{"line":99,"column":14},"end":{"line":99,"column":16}}],"line":93},"2":{"loc":{"start":{"line":116,"column":8},"end":{"line":122,"column":9}},"type":"if","locations":[{"start":{"line":116,"column":8},"end":{"line":122,"column":9}},{"start":{"line":116,"column":8},"end":{"line":122,"column":9}}],"line":116}},"s":{"0":0,"1":0,"2":0,"3":0,"4":0,"5":0,"6":0,"7":0,"8":0,"9":0,"10":0,"11":0,"12":0,"13":0,"14":0,"15":0,"16":0,"17":0,"18":0,"19":0,"20":0,"21":0,"22":0,"23":0,"24":0,"25":0,"26":0,"27":0,"28":0,"29":0,"30":0},"f":{"0":0,"1":0,"2":0,"3":0,"4":0,"5":0},"b":{"0":[0,0],"1":[0,0],"2":[0,0]},"hash":"ee4e9da276da2fe0898d99f66e5acbd77f8bb4be"}
,"/home/gusta/workspace/GitGoBarber/GoBarber-Web/src/pages/ResetPassword/index.tsx": {"path":"/home/gusta/workspace/GitGoBarber/GoBarber-Web/src/pages/ResetPassword/index.tsx","statementMap":{"0":{"start":{"line":26,"column":25},"end":{"line":117,"column":1}},"1":{"start":{"line":27,"column":18},"end":{"line":27,"column":43}},"2":{"start":{"line":29,"column":18},"end":{"line":29,"column":30}},"3":{"start":{"line":30,"column":19},"end":{"line":30,"column":32}},"4":{"start":{"line":32,"column":23},"end":{"line":32,"column":33}},"5":{"start":{"line":34,"column":23},"end":{"line":79,"column":3}},"6":{"start":{"line":36,"column":6},"end":{"line":76,"column":7}},"7":{"start":{"line":37,"column":8},"end":{"line":37,"column":39}},"8":{"start":{"line":39,"column":23},"end":{"line":45,"column":10}},"9":{"start":{"line":47,"column":8},"end":{"line":47,"column":59}},"10":{"start":{"line":49,"column":52},"end":{"line":49,"column":56}},"11":{"start":{"line":50,"column":22},"end":{"line":50,"column":60}},"12":{"start":{"line":52,"column":8},"end":{"line":54,"column":9}},"13":{"start":{"line":53,"column":10},"end":{"line":53,"column":28}},"14":{"start":{"line":56,"column":8},"end":{"line":60,"column":11}},"15":{"start":{"line":62,"column":8},"end":{"line":62,"column":26}},"16":{"start":{"line":64,"column":8},"end":{"line":70,"column":9}},"17":{"start":{"line":65,"column":25},"end":{"line":65,"column":49}},"18":{"start":{"line":67,"column":10},"end":{"line":67,"column":45}},"19":{"start":{"line":69,"column":10},"end":{"line":69,"column":17}},"20":{"start":{"line":71,"column":8},"end":{"line":75,"column":11}},"21":{"start":{"line":81,"column":2},"end":{"line":116,"column":4}}},"fnMap":{"0":{"name":"(anonymous_0)","decl":{"start":{"line":26,"column":25},"end":{"line":26,"column":26}},"loc":{"start":{"line":26,"column":31},"end":{"line":117,"column":1}},"line":26},"1":{"name":"(anonymous_1)","decl":{"start":{"line":35,"column":4},"end":{"line":35,"column":5}},"loc":{"start":{"line":35,"column":43},"end":{"line":77,"column":5}},"line":35}},"branchMap":{"0":{"loc":{"start":{"line":52,"column":8},"end":{"line":54,"column":9}},"type":"if","locations":[{"start":{"line":52,"column":8},"end":{"line":54,"column":9}},{"start":{"line":52,"column":8},"end":{"line":54,"column":9}}],"line":52},"1":{"loc":{"start":{"line":64,"column":8},"end":{"line":70,"column":9}},"type":"if","locations":[{"start":{"line":64,"column":8},"end":{"line":70,"column":9}},{"start":{"line":64,"column":8},"end":{"line":70,"column":9}}],"line":64}},"s":{"0":0,"1":0,"2":0,"3":0,"4":0,"5":0,"6":0,"7":0,"8":0,"9":0,"10":0,"11":0,"12":0,"13":0,"14":0,"15":0,"16":0,"17":0,"18":0,"19":0,"20":0,"21":0},"f":{"0":0,"1":0},"b":{"0":[0,0],"1":[0,0]},"hash":"9ab52c0160f00c4c73c73db60a122973e6a665e5"}
,"/home/gusta/workspace/GitGoBarber/GoBarber-Web/src/pages/SignIn/index.tsx": {"path":"/home/gusta/workspace/GitGoBarber/GoBarber-Web/src/pages/SignIn/index.tsx","statementMap":{"0":{"start":{"line":26,"column":25},"end":{"line":97,"column":1}},"1":{"start":{"line":27,"column":18},"end":{"line":27,"column":43}},"2":{"start":{"line":29,"column":21},"end":{"line":29,"column":30}},"3":{"start":{"line":30,"column":23},"end":{"line":30,"column":33}},"4":{"start":{"line":32,"column":23},"end":{"line":66,"column":3}},"5":{"start":{"line":34,"column":6},"end":{"line":63,"column":7}},"6":{"start":{"line":35,"column":8},"end":{"line":35,"column":39}},"7":{"start":{"line":37,"column":23},"end":{"line":42,"column":10}},"8":{"start":{"line":44,"column":8},"end":{"line":44,"column":59}},"9":{"start":{"line":46,"column":8},"end":{"line":49,"column":11}},"10":{"start":{"line":51,"column":8},"end":{"line":57,"column":9}},"11":{"start":{"line":52,"column":25},"end":{"line":52,"column":49}},"12":{"start":{"line":54,"column":10},"end":{"line":54,"column":45}},"13":{"start":{"line":56,"column":10},"end":{"line":56,"column":17}},"14":{"start":{"line":58,"column":8},"end":{"line":62,"column":11}},"15":{"start":{"line":68,"column":2},"end":{"line":96,"column":4}}},"fnMap":{"0":{"name":"(anonymous_0)","decl":{"start":{"line":26,"column":25},"end":{"line":26,"column":26}},"loc":{"start":{"line":26,"column":31},"end":{"line":97,"column":1}},"line":26},"1":{"name":"(anonymous_1)","decl":{"start":{"line":33,"column":4},"end":{"line":33,"column":5}},"loc":{"start":{"line":33,"column":36},"end":{"line":64,"column":5}},"line":33}},"branchMap":{"0":{"loc":{"start":{"line":51,"column":8},"end":{"line":57,"column":9}},"type":"if","locations":[{"start":{"line":51,"column":8},"end":{"line":57,"column":9}},{"start":{"line":51,"column":8},"end":{"line":57,"column":9}}],"line":51}},"s":{"0":0,"1":0,"2":0,"3":0,"4":0,"5":0,"6":0,"7":0,"8":0,"9":0,"10":0,"11":0,"12":0,"13":0,"14":0,"15":0},"f":{"0":0,"1":0},"b":{"0":[0,0]},"hash":"ab9f8e5bbd610e3f57ccd361bf19b6cd5666759a"}
,"/home/gusta/workspace/GitGoBarber/GoBarber-Web/src/pages/SignUp/index.tsx": {"path":"/home/gusta/workspace/GitGoBarber/GoBarber-Web/src/pages/SignUp/index.tsx","statementMap":{"0":{"start":{"line":29,"column":25},"end":{"line":107,"column":1}},"1":{"start":{"line":30,"column":18},"end":{"line":30,"column":43}},"2":{"start":{"line":31,"column":23},"end":{"line":31,"column":33}},"3":{"start":{"line":32,"column":18},"end":{"line":32,"column":30}},"4":{"start":{"line":34,"column":23},"end":{"line":77,"column":3}},"5":{"start":{"line":36,"column":6},"end":{"line":74,"column":7}},"6":{"start":{"line":37,"column":8},"end":{"line":37,"column":39}},"7":{"start":{"line":39,"column":23},"end":{"line":45,"column":10}},"8":{"start":{"line":47,"column":8},"end":{"line":47,"column":39}},"9":{"start":{"line":48,"column":8},"end":{"line":52,"column":11}},"10":{"start":{"line":54,"column":8},"end":{"line":54,"column":26}},"11":{"start":{"line":56,"column":8},"end":{"line":56,"column":59}},"12":{"start":{"line":58,"column":8},"end":{"line":64,"column":9}},"13":{"start":{"line":59,"column":25},"end":{"line":59,"column":49}},"14":{"start":{"line":61,"column":10},"end":{"line":61,"column":45}},"15":{"start":{"line":63,"column":10},"end":{"line":63,"column":17}},"16":{"start":{"line":65,"column":8},"end":{"line":70,"column":11}},"17":{"start":{"line":71,"column":23},"end":{"line":71,"column":47}},"18":{"start":{"line":73,"column":8},"end":{"line":73,"column":43}},"19":{"start":{"line":79,"column":2},"end":{"line":106,"column":4}}},"fnMap":{"0":{"name":"(anonymous_0)","decl":{"start":{"line":29,"column":25},"end":{"line":29,"column":26}},"loc":{"start":{"line":29,"column":31},"end":{"line":107,"column":1}},"line":29},"1":{"name":"(anonymous_1)","decl":{"start":{"line":35,"column":4},"end":{"line":35,"column":5}},"loc":{"start":{"line":35,"column":36},"end":{"line":75,"column":5}},"line":35}},"branchMap":{"0":{"loc":{"start":{"line":58,"column":8},"end":{"line":64,"column":9}},"type":"if","locations":[{"start":{"line":58,"column":8},"end":{"line":64,"column":9}},{"start":{"line":58,"column":8},"end":{"line":64,"column":9}}],"line":58}},"s":{"0":1,"1":2,"2":2,"3":2,"4":2,"5":0,"6":0,"7":0,"8":0,"9":0,"10":0,"11":0,"12":0,"13":0,"14":0,"15":0,"16":0,"17":0,"18":0,"19":2},"f":{"0":2,"1":0},"b":{"0":[0,0]},"_coverageSchema":"43e27e138ebf9cfc5966b082cf9a028302ed4184","hash":"590cd01429b8f2e8e011e28c037165ca22035e38"}
}
