TN:
SF:src/modules/appointments/services/CreateAppointmentService.ts
FN:16,(anonymous_18)
FN:17,CreateAppointmentService
FN:28,(anonymous_20)
FNF:3
FNH:3
FNDA:1,(anonymous_18)
FNDA:5,CreateAppointmentService
FNDA:7,(anonymous_20)
DA:1,1
DA:2,1
DA:4,1
DA:16,1
DA:19,5
DA:22,5
DA:25,5
DA:28,1
DA:29,7
DA:30,7
DA:31,7
DA:33,7
DA:35,7
DA:36,3
DA:39,4
DA:40,1
DA:43,3
DA:44,1
DA:49,2
DA:54,2
DA:55,0
DA:58,2
DA:64,2
DA:66,4
DA:71,4
DA:78,2
DA:80,1
DA:82,1
LF:28
LH:27
BRDA:35,0,0,3
BRDA:35,0,1,4
BRDA:39,1,0,1
BRDA:39,1,1,3
BRDA:43,2,0,1
BRDA:43,2,1,2
BRDA:43,3,0,3
BRDA:43,3,1,2
BRDA:54,4,0,0
BRDA:54,4,1,2
BRF:10
BRH:9
end_of_record
TN:
SF:src/modules/appointments/services/ListProviderAppointmentsService.ts
FN:16,(anonymous_17)
FN:17,ListProviderAppointmentsService
FN:25,(anonymous_19)
FNF:3
FNH:3
FNDA:1,(anonymous_17)
FNDA:1,ListProviderAppointmentsService
FNDA:1,(anonymous_19)
DA:1,1
DA:2,1
DA:16,1
DA:19,1
DA:22,1
DA:25,1
DA:26,1
DA:27,1
DA:28,1
DA:29,1
DA:31,1
DA:33,1
DA:37,1
DA:38,1
DA:47,2
DA:49,1
DA:51,1
DA:53,1
LF:18
LH:18
BRDA:49,0,0,1
BRDA:37,1,0,0
BRDA:37,1,1,1
BRF:3
BRH:2
end_of_record
TN:
SF:src/modules/appointments/services/ListProviderDayAvailabilityService.ts
FN:22,(anonymous_17)
FN:23,ListProviderDayAvailabilityService
FN:28,(anonymous_19)
FN:46,(anonymous_22)
FN:50,(anonymous_23)
FN:52,(anonymous_24)
FNF:6
FNH:6
FNDA:1,(anonymous_17)
FNDA:1,ListProviderDayAvailabilityService
FNDA:1,(anonymous_19)
FNDA:10,(anonymous_22)
FNDA:10,(anonymous_23)
FNDA:19,(anonymous_24)
DA:1,1
DA:2,1
DA:3,1
DA:22,1
DA:25,1
DA:28,1
DA:29,1
DA:30,1
DA:31,1
DA:32,1
DA:34,1
DA:43,1
DA:44,1
DA:46,10
DA:48,1
DA:50,1
DA:51,10
DA:52,19
DA:55,10
DA:57,10
DA:63,1
DA:65,1
DA:67,1
LF:23
LH:23
BRDA:34,0,0,1
BRDA:59,1,0,10
BRDA:59,1,1,8
BRF:3
BRH:3
end_of_record
TN:
SF:src/modules/appointments/services/ListProviderMonthAvailabilityService.ts
FN:21,(anonymous_17)
FN:22,ListProviderMonthAvailabilityService
FN:27,(anonymous_19)
FN:43,(anonymous_22)
FN:46,(anonymous_23)
FN:49,(anonymous_24)
FNF:6
FNH:6
FNDA:1,(anonymous_17)
FNDA:1,ListProviderMonthAvailabilityService
FNDA:1,(anonymous_19)
FNDA:31,(anonymous_22)
FNDA:31,(anonymous_23)
FNDA:341,(anonymous_24)
DA:1,1
DA:2,1
DA:3,1
DA:21,1
DA:24,1
DA:27,1
DA:28,1
DA:29,1
DA:30,1
DA:32,1
DA:39,1
DA:41,1
DA:43,31
DA:46,1
DA:47,31
DA:49,31
DA:50,341
DA:53,31
DA:61,1
DA:63,1
DA:65,1
LF:21
LH:21
BRDA:32,0,0,1
BRDA:56,1,0,31
BRDA:56,1,1,14
BRF:3
BRH:3
end_of_record
TN:
SF:src/modules/appointments/services/ListProvidersService.ts
FN:12,(anonymous_17)
FN:13,ListProvidersService
FN:21,(anonymous_19)
FNF:3
FNH:3
FNDA:1,(anonymous_17)
FNDA:1,ListProvidersService
FNDA:1,(anonymous_19)
DA:1,1
DA:2,1
DA:12,1
DA:15,1
DA:18,1
DA:21,1
DA:22,1
DA:23,1
DA:25,1
DA:26,1
DA:30,2
DA:33,1
DA:35,1
DA:37,1
LF:14
LH:14
BRDA:33,0,0,1
BRDA:25,1,0,0
BRDA:25,1,1,1
BRF:3
BRH:2
end_of_record
TN:
SF:src/modules/users/services/AuthenticateUserService.ts
FN:21,(anonymous_18)
FN:22,AuthenticateUserService
FN:30,(anonymous_20)
FNF:3
FNH:3
FNDA:1,(anonymous_18)
FNDA:3,AuthenticateUserService
FNDA:3,(anonymous_20)
DA:1,1
DA:2,1
DA:3,1
DA:4,1
DA:21,1
DA:24,3
DA:27,3
DA:30,3
DA:31,3
DA:32,3
DA:33,1
DA:35,2
DA:40,2
DA:41,1
DA:44,1
DA:45,1
DA:50,1
DA:55,1
DA:57,1
LF:19
LH:19
BRDA:31,0,0,3
BRDA:32,1,0,1
BRDA:32,1,1,2
BRDA:40,2,0,1
BRDA:40,2,1,1
BRF:5
BRH:5
end_of_record
TN:
SF:src/modules/users/services/CreateUserService.ts
FN:16,(anonymous_18)
FN:17,CreateUserService
FN:28,(anonymous_20)
FNF:3
FNH:3
FNDA:1,(anonymous_18)
FNDA:2,CreateUserService
FNDA:3,(anonymous_20)
DA:1,1
DA:3,1
DA:16,1
DA:19,2
DA:22,2
DA:25,2
DA:28,3
DA:29,3
DA:31,3
DA:32,1
DA:35,2
DA:37,2
DA:43,4
DA:45,2
DA:47,1
DA:49,1
LF:16
LH:16
BRDA:29,0,0,3
BRDA:31,1,0,1
BRDA:31,1,1,2
BRF:3
BRH:3
end_of_record
TN:
SF:src/modules/users/services/ResetPasswordService.ts
FN:16,(anonymous_18)
FN:17,ResetPasswordService
FN:28,(anonymous_20)
FNF:3
FNH:3
FNDA:1,(anonymous_18)
FNDA:4,ResetPasswordService
FNDA:5,(anonymous_20)
DA:1,1
DA:6,1
DA:9,1
DA:16,1
DA:19,4
DA:22,4
DA:25,4
DA:28,5
DA:29,5
DA:31,5
DA:32,1
DA:34,4
DA:36,4
DA:37,1
DA:40,3
DA:42,3
DA:44,3
DA:45,1
DA:48,2
DA:49,4
DA:51,1
DA:53,1
LF:22
LH:22
BRDA:29,0,0,5
BRDA:31,1,0,1
BRDA:31,1,1,4
BRDA:36,2,0,1
BRDA:36,2,1,3
BRDA:44,3,0,1
BRDA:44,3,1,2
BRF:7
BRH:7
end_of_record
TN:
SF:src/modules/users/services/SendForgotPasswordEmailService.ts
FN:13,(anonymous_18)
FN:14,SendForgotPasswordEmailService
FN:25,(anonymous_20)
FNF:3
FNH:3
FNDA:1,(anonymous_18)
FNDA:3,SendForgotPasswordEmailService
FNDA:3,(anonymous_20)
DA:1,1
DA:2,1
DA:7,1
DA:13,1
DA:16,3
DA:19,3
DA:22,3
DA:25,3
DA:26,3
DA:28,3
DA:29,1
DA:32,2
DA:34,2
DA:41,4
DA:58,1
DA:60,1
LF:16
LH:16
BRDA:26,0,0,3
BRDA:28,1,0,1
BRDA:28,1,1,2
BRF:3
BRH:3
end_of_record
TN:
SF:src/modules/users/services/ShowProfileService.ts
FN:13,(anonymous_18)
FN:14,ShowProfileService
FN:19,(anonymous_20)
FNF:3
FNH:3
FNDA:1,(anonymous_18)
FNDA:2,ShowProfileService
FNDA:2,(anonymous_20)
DA:1,1
DA:2,1
DA:3,1
DA:13,1
DA:16,2
DA:19,2
DA:20,2
DA:22,2
DA:23,1
DA:26,1
DA:28,1
DA:30,1
LF:12
LH:12
BRDA:20,0,0,2
BRDA:22,1,0,1
BRDA:22,1,1,1
BRF:3
BRH:3
end_of_record
TN:
SF:src/modules/users/services/UpdateProfileService.ts
FN:17,(anonymous_18)
FN:18,UpdateProfileService
FN:26,(anonymous_20)
FNF:3
FNH:3
FNDA:1,(anonymous_18)
FNDA:6,UpdateProfileService
FNDA:6,(anonymous_20)
DA:1,1
DA:2,1
DA:17,1
DA:20,6
DA:23,6
DA:26,1
DA:27,6
DA:28,6
DA:29,6
DA:30,6
DA:31,6
DA:33,6
DA:35,6
DA:36,1
DA:39,5
DA:41,5
DA:42,1
DA:45,4
DA:46,4
DA:48,4
DA:49,1
DA:54,4
DA:55,2
DA:60,2
DA:61,1
DA:63,1
DA:66,2
DA:68,1
DA:70,1
LF:29
LH:29
BRDA:33,0,0,6
BRDA:33,0,1,2
BRDA:35,1,0,1
BRDA:35,1,1,5
BRDA:41,2,0,1
BRDA:41,2,1,4
BRDA:41,3,0,5
BRDA:41,3,1,1
BRDA:48,4,0,1
BRDA:48,4,1,3
BRDA:48,5,0,4
BRDA:48,5,1,3
BRDA:54,6,0,1
BRDA:54,6,1,2
BRDA:54,7,0,3
BRDA:54,7,1,2
BRDA:60,8,0,1
BRDA:60,8,1,1
BRF:18
BRH:18
end_of_record
TN:
SF:src/modules/users/services/UpdateUserAvatarService.ts
FN:14,(anonymous_18)
FN:15,UpdateUserAvatarService
FN:23,(anonymous_20)
FNF:3
FNH:3
FNDA:1,(anonymous_18)
FNDA:3,UpdateUserAvatarService
FNDA:4,(anonymous_20)
DA:3,1
DA:5,1
DA:14,1
DA:17,3
DA:20,3
DA:23,4
DA:24,4
DA:26,4
DA:27,1
DA:29,5
DA:30,2
DA:33,3
DA:35,3
DA:37,6
DA:38,3
DA:40,1
DA:42,1
LF:17
LH:17
BRDA:24,0,0,4
BRDA:24,0,1,3
BRDA:26,1,0,1
BRDA:26,1,1,3
BRDA:29,2,0,2
BRDA:29,2,1,1
BRF:6
BRH:6
end_of_record
